// 重构日志: 2821cf33
// 重构日志: 0406a4ec
// 重构日志: b96b369a
// 重构日志: 6529701b
// 重构日志: 2fe72aa4
// 重构日志: c3201916
// 同步 ID: 979a37af @ Wed Jul 15 23:45:33 UTC 2026
// 重构日志: 49c18dd8
// 重构日志: 1e9fb67e
// 同步 ID: 9e230ed1 @ Fri Jul 17 01:08:42 UTC 2026
// 重构日志: 25868ecf
// 重构日志: 08cf3b26
// 同步 ID: c23d710c @ Sat Jul 18 11:27:35 UTC 2026
// 重构日志: 82c3759a
// 重构日志: ded28413
// 同步 ID: b911ef76 @ Sat Jul 18 19:32:17 UTC 2026
// 重构日志: 0cc83ec5
// 重构日志: 374250bf
// 同步 ID: 2a632e4f @ Sun Jul 19 15:31:49 UTC 2026
// 重构日志: 8ae961c7
// 同步 ID: 22fc3dfc @ Sun Jul 19 17:57:28 UTC 2026
// 同步 ID: 4ccfb98b @ Sun Jul 19 23:42:06 UTC 2026
// 重构日志: bfa72c66
// 重构日志: d4e3dcbe
// 重构日志: ed9470bb
// 重构日志: ce8a965a
// 重构日志: 6881fc86
// 同步 ID: e50162c3 @ Tue Jul 21 00:39:02 UTC 2026
// 重构日志: f6722632
// 同步 ID: 86f65503 @ Wed Jul 22 10:23:26 UTC 2026
// 重构日志: 0c637468
// 重构日志: 0782ad64
// 重构日志: 2afc6d39
// 重构日志: e478d152
// 重构日志: 1f157972
